<?xml version="1.0" encoding="UTF-8"?>
<testng-results ignored="0" total="1" passed="1" failed="0" skipped="0">
  <reporter-output>
  </reporter-output>
  <suite started-at="2023-12-20T19:01:11 IST" name="Default suite" finished-at="2023-12-20T19:01:16 IST" duration-ms="4813">
    <groups>
    </groups>
    <test started-at="2023-12-20T19:01:11 IST" name="Default test" finished-at="2023-12-20T19:01:16 IST" duration-ms="4813">
      <class name="PhaseEndProject.Assignment006Demo">
        <test-method signature="assignment006Logout()[pri:49, instance:PhaseEndProject.Assignment006Demo@593aaf41]" started-at="2023-12-20T19:01:11 IST" name="assignment006Logout" finished-at="2023-12-20T19:01:16 IST" duration-ms="4761" status="PASS">
          <reporter-output>
          </reporter-output>
        </test-method> <!-- assignment006Logout -->
      </class> <!-- PhaseEndProject.Assignment006Demo -->
    </test> <!-- Default test -->
  </suite> <!-- Default suite -->
</testng-results>
